<?xml version="1.0" encoding="UTF-8"?>
<!-- Generated by org.testng.reporters.JUnitReportReporter -->
<testsuite skipped="0" hostname="DESKTOP-CP4RQU0" name="files.StJson" tests="1" failures="0" timestamp="18 Jun 2020 13:20:08 GMT" time="3.410" errors="0">
  <testcase name="addDBuk" time="3.410" classname="files.StJson"/>
</testsuite> <!-- files.StJson -->
